<?xml version="1.0" encoding="UTF-8" ?>
<testsuite tests="53" failures="0" name="com.schibsted.spt.data.jslt.QueryErrorTest" time="0.022" errors="0" skipped="0">
  <properties>
[...]
</properties>
  <testcase classname="com.schibsted.spt.data.jslt.QueryErrorTest" name="check[0]" time="0"/>
  <testcase classname="com.schibsted.spt.data.jslt.QueryErrorTest" name="check[1]" time="0.001"/>
  <testcase classname="com.schibsted.spt.data.jslt.QueryErrorTest" name="check[2]" time="0"/>
  <testcase classname="com.schibsted.spt.data.jslt.QueryErrorTest" name="check[3]" time="0.002"/>
  <testcase classname="com.schibsted.spt.data.jslt.QueryErrorTest" name="check[4]" time="0.001"/>
  <testcase classname="com.schibsted.spt.data.jslt.QueryErrorTest" name="check[5]" time="0"/>
  <testcase classname="com.schibsted.spt.data.jslt.QueryErrorTest" name="check[6]" time="0"/>
  <testcase classname="com.schibsted.spt.data.jslt.QueryErrorTest" name="check[7]" time="0"/>
  <testcase classname="com.schibsted.spt.data.jslt.QueryErrorTest" name="check[8]" time="0"/>
  <testcase classname="com.schibsted.spt.data.jslt.QueryErrorTest" name="check[9]" time="0.001"/>
  <testcase classname="com.schibsted.spt.data.jslt.QueryErrorTest" name="check[10]" time="0.001"/>
  <testcase classname="com.schibsted.spt.data.jslt.QueryErrorTest" name="check[11]" time="0"/>
  <testcase classname="com.schibsted.spt.data.jslt.QueryErrorTest" name="check[12]" time="0"/>
  <testcase classname="com.schibsted.spt.data.jslt.QueryErrorTest" name="check[13]" time="0.002"/>
  <testcase classname="com.schibsted.spt.data.jslt.QueryErrorTest" name="check[14]" time="0"/>
  <testcase classname="com.schibsted.spt.data.jslt.QueryErrorTest" name="check[15]" time="0.001"/>
  <testcase classname="com.schibsted.spt.data.jslt.QueryErrorTest" name="check[16]" time="0"/>
  <testcase classname="com.schibsted.spt.data.jslt.QueryErrorTest" name="check[17]" time="0.001"/>
  <testcase classname="com.schibsted.spt.data.jslt.QueryErrorTest" name="check[18]" time="0.001"/>
  <testcase classname="com.schibsted.spt.data.jslt.QueryErrorTest" name="check[19]" time="0"/>
  <testcase classname="com.schibsted.spt.data.jslt.QueryErrorTest" name="check[20]" time="0"/>
  <testcase classname="com.schibsted.spt.data.jslt.QueryErrorTest" name="check[21]" time="0.001"/>
  <testcase classname="com.schibsted.spt.data.jslt.QueryErrorTest" name="check[22]" time="0"/>
  <testcase classname="com.schibsted.spt.data.jslt.QueryErrorTest" name="check[23]" time="0.001"/>
  <testcase classname="com.schibsted.spt.data.jslt.QueryErrorTest" name="check[24]" time="0"/>
  <testcase classname="com.schibsted.spt.data.jslt.QueryErrorTest" name="check[25]" time="0"/>
  <testcase classname="com.schibsted.spt.data.jslt.QueryErrorTest" name="check[26]" time="0"/>
  <testcase classname="com.schibsted.spt.data.jslt.QueryErrorTest" name="check[27]" time="0.001"/>
  <testcase classname="com.schibsted.spt.data.jslt.QueryErrorTest" name="check[28]" time="0"/>
  <testcase classname="com.schibsted.spt.data.jslt.QueryErrorTest" name="check[29]" time="0"/>
  <testcase classname="com.schibsted.spt.data.jslt.QueryErrorTest" name="check[30]" time="0.001"/>
  <testcase classname="com.schibsted.spt.data.jslt.QueryErrorTest" name="check[31]" time="0"/>
  <testcase classname="com.schibsted.spt.data.jslt.QueryErrorTest" name="check[32]" time="0.001"/>
  <testcase classname="com.schibsted.spt.data.jslt.QueryErrorTest" name="check[33]" time="0"/>
  <testcase classname="com.schibsted.spt.data.jslt.QueryErrorTest" name="check[34]" time="0"/>
  <testcase classname="com.schibsted.spt.data.jslt.QueryErrorTest" name="check[35]" time="0.001"/>
  <testcase classname="com.schibsted.spt.data.jslt.QueryErrorTest" name="check[36]" time="0"/>
  <testcase classname="com.schibsted.spt.data.jslt.QueryErrorTest" name="check[37]" time="0"/>
  <testcase classname="com.schibsted.spt.data.jslt.QueryErrorTest" name="check[38]" time="0.001"/>
  <testcase classname="com.schibsted.spt.data.jslt.QueryErrorTest" name="check[39]" time="0"/>
  <testcase classname="com.schibsted.spt.data.jslt.QueryErrorTest" name="check[40]" time="0.001"/>
  <testcase classname="com.schibsted.spt.data.jslt.QueryErrorTest" name="check[41]" time="0"/>
  <testcase classname="com.schibsted.spt.data.jslt.QueryErrorTest" name="check[42]" time="0"/>
  <testcase classname="com.schibsted.spt.data.jslt.QueryErrorTest" name="check[43]" time="0.001"/>
  <testcase classname="com.schibsted.spt.data.jslt.QueryErrorTest" name="check[44]" time="0"/>
  <testcase classname="com.schibsted.spt.data.jslt.QueryErrorTest" name="check[45]" time="0"/>
  <testcase classname="com.schibsted.spt.data.jslt.QueryErrorTest" name="check[46]" time="0.001"/>
  <testcase classname="com.schibsted.spt.data.jslt.QueryErrorTest" name="check[47]" time="0"/>
  <testcase classname="com.schibsted.spt.data.jslt.QueryErrorTest" name="check[48]" time="0"/>
  <testcase classname="com.schibsted.spt.data.jslt.QueryErrorTest" name="check[49]" time="0"/>
  <testcase classname="com.schibsted.spt.data.jslt.QueryErrorTest" name="check[50]" time="0"/>
  <testcase classname="com.schibsted.spt.data.jslt.QueryErrorTest" name="check[51]" time="0.001"/>
  <testcase classname="com.schibsted.spt.data.jslt.QueryErrorTest" name="check[52]" time="0"/>
</testsuite>